<?xml version="1.0" encoding="UTF-8"?>
<testsuite xmlns:xsi="http://www.w3.org/2001/XMLSchema-instance" xsi:noNamespaceSchemaLocation="https://maven.apache.org/surefire/maven-surefire-plugin/xsd/surefire-test-report.xsd" name="co.tfg.bookstore.util.TextUtilTest" time="0" tests="1" errors="0" skipped="0" failures="0">
  <properties>
    <property name="sun.desktop" value="windows"/>
    <property name="awt.toolkit" value="sun.awt.windows.WToolkit"/>
    <property name="file.encoding.pkg" value="sun.io"/>
    <property name="java.specification.version" value="1.8"/>
    <property name="arquillian.launch" value="arquillian-wildfly-remote"/>
    <property name="sun.cpu.isalist" value="pentium_pro+mmx pentium_pro pentium+mmx pentium i486 i386 i86"/>
    <property name="sun.jnu.encoding" value="Cp1252"/>
    <property name="java.class.path" value="C:\EE\application\bookstore\bookstore-back\target\test-classes;C:\EE\application\bookstore\bookstore-back\target\classes;C:\Users\foschini\.m2\repository\javax\javaee-web-api\7.0\javaee-web-api-7.0.jar;C:\Users\foschini\.m2\repository\junit\junit\4.12\junit-4.12.jar;C:\Users\foschini\.m2\repository\org\hamcrest\hamcrest-core\1.3\hamcrest-core-1.3.jar;C:\Users\foschini\.m2\repository\org\jboss\arquillian\junit\arquillian-junit-container\1.4.1.Final\arquillian-junit-container-1.4.1.Final.jar;C:\Users\foschini\.m2\repository\org\jboss\arquillian\junit\arquillian-junit-core\1.4.1.Final\arquillian-junit-core-1.4.1.Final.jar;C:\Users\foschini\.m2\repository\org\jboss\arquillian\test\arquillian-test-api\1.4.1.Final\arquillian-test-api-1.4.1.Final.jar;C:\Users\foschini\.m2\repository\org\jboss\arquillian\test\arquillian-test-spi\1.4.1.Final\arquillian-test-spi-1.4.1.Final.jar;C:\Users\foschini\.m2\repository\org\jboss\arquillian\core\arquillian-core-spi\1.4.1.Final\arquillian-core-spi-1.4.1.Final.jar;C:\Users\foschini\.m2\repository\org\jboss\arquillian\container\arquillian-container-test-api\1.4.1.Final\arquillian-container-test-api-1.4.1.Final.jar;C:\Users\foschini\.m2\repository\org\jboss\shrinkwrap\shrinkwrap-api\1.2.6\shrinkwrap-api-1.2.6.jar;C:\Users\foschini\.m2\repository\org\jboss\shrinkwrap\descriptors\shrinkwrap-descriptors-api-base\2.0.0\shrinkwrap-descriptors-api-base-2.0.0.jar;C:\Users\foschini\.m2\repository\org\jboss\arquillian\container\arquillian-container-test-spi\1.4.1.Final\arquillian-container-test-spi-1.4.1.Final.jar;C:\Users\foschini\.m2\repository\org\jboss\arquillian\container\arquillian-container-spi\1.4.1.Final\arquillian-container-spi-1.4.1.Final.jar;C:\Users\foschini\.m2\repository\org\jboss\arquillian\core\arquillian-core-impl-base\1.4.1.Final\arquillian-core-impl-base-1.4.1.Final.jar;C:\Users\foschini\.m2\repository\org\jboss\arquillian\test\arquillian-test-impl-base\1.4.1.Final\arquillian-test-impl-base-1.4.1.Final.jar;C:\Users\foschini\.m2\repository\org\jboss\arquillian\container\arquillian-container-impl-base\1.4.1.Final\arquillian-container-impl-base-1.4.1.Final.jar;C:\Users\foschini\.m2\repository\org\jboss\arquillian\config\arquillian-config-api\1.4.1.Final\arquillian-config-api-1.4.1.Final.jar;C:\Users\foschini\.m2\repository\org\jboss\arquillian\config\arquillian-config-impl-base\1.4.1.Final\arquillian-config-impl-base-1.4.1.Final.jar;C:\Users\foschini\.m2\repository\org\jboss\arquillian\config\arquillian-config-spi\1.4.1.Final\arquillian-config-spi-1.4.1.Final.jar;C:\Users\foschini\.m2\repository\org\jboss\shrinkwrap\descriptors\shrinkwrap-descriptors-spi\2.0.0\shrinkwrap-descriptors-spi-2.0.0.jar;C:\Users\foschini\.m2\repository\org\jboss\arquillian\container\arquillian-container-test-impl-base\1.4.1.Final\arquillian-container-test-impl-base-1.4.1.Final.jar;C:\Users\foschini\.m2\repository\org\jboss\shrinkwrap\shrinkwrap-impl-base\1.2.6\shrinkwrap-impl-base-1.2.6.jar;C:\Users\foschini\.m2\repository\org\jboss\shrinkwrap\shrinkwrap-spi\1.2.6\shrinkwrap-spi-1.2.6.jar;C:\Users\foschini\.m2\repository\org\wildfly\arquillian\wildfly-arquillian-container-remote\2.1.1.Final\wildfly-arquillian-container-remote-2.1.1.Final.jar;C:\Users\foschini\.m2\repository\org\wildfly\arquillian\wildfly-arquillian-common\2.1.1.Final\wildfly-arquillian-common-2.1.1.Final.jar;C:\Users\foschini\.m2\repository\org\jboss\arquillian\testenricher\arquillian-testenricher-cdi\1.4.1.Final\arquillian-testenricher-cdi-1.4.1.Final.jar;C:\Users\foschini\.m2\repository\org\jboss\arquillian\testenricher\arquillian-testenricher-ejb\1.4.1.Final\arquillian-testenricher-ejb-1.4.1.Final.jar;C:\Users\foschini\.m2\repository\org\jboss\arquillian\testenricher\arquillian-testenricher-initialcontext\1.4.1.Final\arquillian-testenricher-initialcontext-1.4.1.Final.jar;C:\Users\foschini\.m2\repository\org\jboss\arquillian\testenricher\arquillian-testenricher-resource\1.4.1.Final\arquillian-testenricher-resource-1.4.1.Final.jar;C:\Users\foschini\.m2\repository\org\jboss\arquillian\protocol\arquillian-protocol-servlet\1.4.1.Final\arquillian-protocol-servlet-1.4.1.Final.jar;C:\Users\foschini\.m2\repository\org\wildfly\arquillian\wildfly-arquillian-testenricher-msc\2.1.1.Final\wildfly-arquillian-testenricher-msc-2.1.1.Final.jar;C:\Users\foschini\.m2\repository\org\wildfly\core\wildfly-server\3.0.0.Final\wildfly-server-3.0.0.Final.jar;C:\Users\foschini\.m2\repository\org\wildfly\core\wildfly-controller\3.0.0.Final\wildfly-controller-3.0.0.Final.jar;C:\Users\foschini\.m2\repository\org\jboss\staxmapper\1.3.0.Final\staxmapper-1.3.0.Final.jar;C:\Users\foschini\.m2\repository\org\projectodd\vdx\vdx-wildfly\1.1.6\vdx-wildfly-1.1.6.jar;C:\Users\foschini\.m2\repository\org\projectodd\vdx\vdx-core\1.1.6\vdx-core-1.1.6.jar;C:\Users\foschini\.m2\repository\org\wildfly\core\wildfly-core-management-client\3.0.0.Final\wildfly-core-management-client-3.0.0.Final.jar;C:\Users\foschini\.m2\repository\org\wildfly\core\wildfly-domain-http-interface\3.0.0.Final\wildfly-domain-http-interface-3.0.0.Final.jar;C:\Users\foschini\.m2\repository\org\wildfly\security\elytron-web\undertow-server\1.0.0.Final\undertow-server-1.0.0.Final.jar;C:\Users\foschini\.m2\repository\org\wildfly\core\wildfly-deployment-repository\3.0.0.Final\wildfly-deployment-repository-3.0.0.Final.jar;C:\Users\foschini\.m2\repository\org\wildfly\core\wildfly-platform-mbean\3.0.0.Final\wildfly-platform-mbean-3.0.0.Final.jar;C:\Users\foschini\.m2\repository\org\wildfly\core\wildfly-process-controller\3.0.0.Final\wildfly-process-controller-3.0.0.Final.jar;C:\Users\foschini\.m2\repository\org\wildfly\core\wildfly-network\3.0.0.Final\wildfly-network-3.0.0.Final.jar;C:\Users\foschini\.m2\repository\org\wildfly\core\wildfly-version\3.0.0.Final\wildfly-version-3.0.0.Final.jar;C:\Users\foschini\.m2\repository\org\jboss\jandex\2.0.3.Final\jandex-2.0.3.Final.jar;C:\Users\foschini\.m2\repository\org\jboss\invocation\jboss-invocation\1.5.0.Final\jboss-invocation-1.5.0.Final.jar;C:\Users\foschini\.m2\repository\org\jboss\logmanager\jboss-logmanager\2.0.7.Final\jboss-logmanager-2.0.7.Final.jar;C:\Users\foschini\.m2\repository\org\jboss\modules\jboss-modules\1.6.0.Final\jboss-modules-1.6.0.Final.jar;C:\Users\foschini\.m2\repository\org\jboss\remoting\jboss-remoting\5.0.0.Final\jboss-remoting-5.0.0.Final.jar;C:\Users\foschini\.m2\repository\org\jboss\stdio\jboss-stdio\1.0.2.GA\jboss-stdio-1.0.2.GA.jar;C:\Users\foschini\.m2\repository\org\jboss\jboss-vfs\3.2.12.Final\jboss-vfs-3.2.12.Final.jar;C:\Users\foschini\.m2\repository\io\undertow\undertow-core\1.4.18.Final\undertow-core-1.4.18.Final.jar;C:\Users\foschini\.m2\repository\org\wildfly\core\wildfly-controller-client\3.0.0.Final\wildfly-controller-client-3.0.0.Final.jar;C:\Users\foschini\.m2\repository\org\wildfly\core\wildfly-protocol\3.0.0.Final\wildfly-protocol-3.0.0.Final.jar;C:\Users\foschini\.m2\repository\org\jboss\xnio\xnio-api\3.5.1.Final\xnio-api-3.5.1.Final.jar;C:\Users\foschini\.m2\repository\org\jboss\xnio\xnio-nio\3.5.1.Final\xnio-nio-3.5.1.Final.jar;C:\Users\foschini\.m2\repository\org\jboss\jboss-dmr\1.4.1.Final\jboss-dmr-1.4.1.Final.jar;C:\Users\foschini\.m2\repository\org\jboss\logging\jboss-logging\3.3.1.Final\jboss-logging-3.3.1.Final.jar;C:\Users\foschini\.m2\repository\org\jboss\threads\jboss-threads\2.2.1.Final\jboss-threads-2.2.1.Final.jar;C:\Users\foschini\.m2\repository\org\wildfly\plugins\wildfly-plugin-core\1.2.0.Final\wildfly-plugin-core-1.2.0.Final.jar;C:\Users\foschini\.m2\repository\org\jboss\shrinkwrap\descriptors\shrinkwrap-descriptors-impl-base\2.0.0\shrinkwrap-descriptors-impl-base-2.0.0.jar;C:\Users\foschini\.m2\repository\org\wildfly\common\wildfly-common\1.2.0.Final\wildfly-common-1.2.0.Final.jar;C:\Users\foschini\.m2\repository\org\wildfly\arquillian\wildfly-arquillian-protocol-jmx\2.1.1.Final\wildfly-arquillian-protocol-jmx-2.1.1.Final.jar;C:\Users\foschini\.m2\repository\org\wildfly\security\wildfly-elytron\1.1.0.Final\wildfly-elytron-1.1.0.Final.jar;C:\Users\foschini\.m2\repository\org\jboss\arquillian\protocol\arquillian-protocol-jmx\1.4.1.Final\arquillian-protocol-jmx-1.4.1.Final.jar;C:\Users\foschini\.m2\repository\org\wildfly\core\wildfly-jmx\3.0.0.Final\wildfly-jmx-3.0.0.Final.jar;C:\Users\foschini\.m2\repository\org\jboss\msc\jboss-msc\1.2.7.SP1\jboss-msc-1.2.7.SP1.jar;C:\Users\foschini\.m2\repository\org\jboss\remotingjmx\remoting-jmx\3.0.0.Final\remoting-jmx-3.0.0.Final.jar;C:\Users\foschini\.m2\repository\org\wildfly\client\wildfly-client-config\1.0.0.Final\wildfly-client-config-1.0.0.Final.jar;C:\Users\foschini\.m2\repository\org\wildfly\core\wildfly-remoting\3.0.0.Final\wildfly-remoting-3.0.0.Final.jar;C:\Users\foschini\.m2\repository\org\wildfly\core\wildfly-domain-management\3.0.0.Final\wildfly-domain-management-3.0.0.Final.jar;C:\Users\foschini\.m2\repository\org\picketbox\picketbox\5.0.2.Final\picketbox-5.0.2.Final.jar;C:\Users\foschini\.m2\repository\org\wildfly\openssl\wildfly-openssl-java\1.0.2.Final\wildfly-openssl-java-1.0.2.Final.jar;C:\Users\foschini\.m2\repository\org\wildfly\core\wildfly-core-security\3.0.0.Final\wildfly-core-security-3.0.0.Final.jar;C:\Users\foschini\.m2\repository\org\wildfly\core\wildfly-core-security-api\3.0.0.Final\wildfly-core-security-api-3.0.0.Final.jar;C:\Users\foschini\.m2\repository\org\wildfly\core\wildfly-io\3.0.0.Final\wildfly-io-3.0.0.Final.jar;C:\Users\foschini\.m2\repository\org\jboss\marshalling\jboss-marshalling-river\2.0.0.Final\jboss-marshalling-river-2.0.0.Final.jar;C:\Users\foschini\.m2\repository\org\jboss\marshalling\jboss-marshalling\2.0.0.Final\jboss-marshalling-2.0.0.Final.jar;C:\Users\foschini\.m2\repository\org\jboss\arquillian\core\arquillian-core-api\1.4.1.Final\arquillian-core-api-1.4.1.Final.jar;"/>
    <property name="java.vm.vendor" value="Oracle Corporation"/>
    <property name="sun.arch.data.model" value="32"/>
    <property name="user.variant" value=""/>
    <property name="java.vendor.url" value="http://java.oracle.com/"/>
    <property name="user.timezone" value="Africa/Harare"/>
    <property name="java.vm.specification.version" value="1.8"/>
    <property name="os.name" value="Windows 7"/>
    <property name="user.country" value="ZA"/>
    <property name="sun.java.launcher" value="SUN_STANDARD"/>
    <property name="sun.boot.library.path" value="C:\Program Files\Java\jdk1.8.0_201\jre\bin"/>
    <property name="sun.java.command" value="C:\Users\foschini\AppData\Local\Temp\surefire4792310519390573610\surefirebooter2974678812412658744.jar C:\Users\foschini\AppData\Local\Temp\surefire4792310519390573610 2019-12-16T20-46-46_298-jvmRun1 surefire4832167626971886968tmp surefire_02783327385508772758tmp"/>
    <property name="surefire.test.class.path" value="C:\EE\application\bookstore\bookstore-back\target\test-classes;C:\EE\application\bookstore\bookstore-back\target\classes;C:\Users\foschini\.m2\repository\javax\javaee-web-api\7.0\javaee-web-api-7.0.jar;C:\Users\foschini\.m2\repository\junit\junit\4.12\junit-4.12.jar;C:\Users\foschini\.m2\repository\org\hamcrest\hamcrest-core\1.3\hamcrest-core-1.3.jar;C:\Users\foschini\.m2\repository\org\jboss\arquillian\junit\arquillian-junit-container\1.4.1.Final\arquillian-junit-container-1.4.1.Final.jar;C:\Users\foschini\.m2\repository\org\jboss\arquillian\junit\arquillian-junit-core\1.4.1.Final\arquillian-junit-core-1.4.1.Final.jar;C:\Users\foschini\.m2\repository\org\jboss\arquillian\test\arquillian-test-api\1.4.1.Final\arquillian-test-api-1.4.1.Final.jar;C:\Users\foschini\.m2\repository\org\jboss\arquillian\test\arquillian-test-spi\1.4.1.Final\arquillian-test-spi-1.4.1.Final.jar;C:\Users\foschini\.m2\repository\org\jboss\arquillian\core\arquillian-core-spi\1.4.1.Final\arquillian-core-spi-1.4.1.Final.jar;C:\Users\foschini\.m2\repository\org\jboss\arquillian\container\arquillian-container-test-api\1.4.1.Final\arquillian-container-test-api-1.4.1.Final.jar;C:\Users\foschini\.m2\repository\org\jboss\shrinkwrap\shrinkwrap-api\1.2.6\shrinkwrap-api-1.2.6.jar;C:\Users\foschini\.m2\repository\org\jboss\shrinkwrap\descriptors\shrinkwrap-descriptors-api-base\2.0.0\shrinkwrap-descriptors-api-base-2.0.0.jar;C:\Users\foschini\.m2\repository\org\jboss\arquillian\container\arquillian-container-test-spi\1.4.1.Final\arquillian-container-test-spi-1.4.1.Final.jar;C:\Users\foschini\.m2\repository\org\jboss\arquillian\container\arquillian-container-spi\1.4.1.Final\arquillian-container-spi-1.4.1.Final.jar;C:\Users\foschini\.m2\repository\org\jboss\arquillian\core\arquillian-core-impl-base\1.4.1.Final\arquillian-core-impl-base-1.4.1.Final.jar;C:\Users\foschini\.m2\repository\org\jboss\arquillian\test\arquillian-test-impl-base\1.4.1.Final\arquillian-test-impl-base-1.4.1.Final.jar;C:\Users\foschini\.m2\repository\org\jboss\arquillian\container\arquillian-container-impl-base\1.4.1.Final\arquillian-container-impl-base-1.4.1.Final.jar;C:\Users\foschini\.m2\repository\org\jboss\arquillian\config\arquillian-config-api\1.4.1.Final\arquillian-config-api-1.4.1.Final.jar;C:\Users\foschini\.m2\repository\org\jboss\arquillian\config\arquillian-config-impl-base\1.4.1.Final\arquillian-config-impl-base-1.4.1.Final.jar;C:\Users\foschini\.m2\repository\org\jboss\arquillian\config\arquillian-config-spi\1.4.1.Final\arquillian-config-spi-1.4.1.Final.jar;C:\Users\foschini\.m2\repository\org\jboss\shrinkwrap\descriptors\shrinkwrap-descriptors-spi\2.0.0\shrinkwrap-descriptors-spi-2.0.0.jar;C:\Users\foschini\.m2\repository\org\jboss\arquillian\container\arquillian-container-test-impl-base\1.4.1.Final\arquillian-container-test-impl-base-1.4.1.Final.jar;C:\Users\foschini\.m2\repository\org\jboss\shrinkwrap\shrinkwrap-impl-base\1.2.6\shrinkwrap-impl-base-1.2.6.jar;C:\Users\foschini\.m2\repository\org\jboss\shrinkwrap\shrinkwrap-spi\1.2.6\shrinkwrap-spi-1.2.6.jar;C:\Users\foschini\.m2\repository\org\wildfly\arquillian\wildfly-arquillian-container-remote\2.1.1.Final\wildfly-arquillian-container-remote-2.1.1.Final.jar;C:\Users\foschini\.m2\repository\org\wildfly\arquillian\wildfly-arquillian-common\2.1.1.Final\wildfly-arquillian-common-2.1.1.Final.jar;C:\Users\foschini\.m2\repository\org\jboss\arquillian\testenricher\arquillian-testenricher-cdi\1.4.1.Final\arquillian-testenricher-cdi-1.4.1.Final.jar;C:\Users\foschini\.m2\repository\org\jboss\arquillian\testenricher\arquillian-testenricher-ejb\1.4.1.Final\arquillian-testenricher-ejb-1.4.1.Final.jar;C:\Users\foschini\.m2\repository\org\jboss\arquillian\testenricher\arquillian-testenricher-initialcontext\1.4.1.Final\arquillian-testenricher-initialcontext-1.4.1.Final.jar;C:\Users\foschini\.m2\repository\org\jboss\arquillian\testenricher\arquillian-testenricher-resource\1.4.1.Final\arquillian-testenricher-resource-1.4.1.Final.jar;C:\Users\foschini\.m2\repository\org\jboss\arquillian\protocol\arquillian-protocol-servlet\1.4.1.Final\arquillian-protocol-servlet-1.4.1.Final.jar;C:\Users\foschini\.m2\repository\org\wildfly\arquillian\wildfly-arquillian-testenricher-msc\2.1.1.Final\wildfly-arquillian-testenricher-msc-2.1.1.Final.jar;C:\Users\foschini\.m2\repository\org\wildfly\core\wildfly-server\3.0.0.Final\wildfly-server-3.0.0.Final.jar;C:\Users\foschini\.m2\repository\org\wildfly\core\wildfly-controller\3.0.0.Final\wildfly-controller-3.0.0.Final.jar;C:\Users\foschini\.m2\repository\org\jboss\staxmapper\1.3.0.Final\staxmapper-1.3.0.Final.jar;C:\Users\foschini\.m2\repository\org\projectodd\vdx\vdx-wildfly\1.1.6\vdx-wildfly-1.1.6.jar;C:\Users\foschini\.m2\repository\org\projectodd\vdx\vdx-core\1.1.6\vdx-core-1.1.6.jar;C:\Users\foschini\.m2\repository\org\wildfly\core\wildfly-core-management-client\3.0.0.Final\wildfly-core-management-client-3.0.0.Final.jar;C:\Users\foschini\.m2\repository\org\wildfly\core\wildfly-domain-http-interface\3.0.0.Final\wildfly-domain-http-interface-3.0.0.Final.jar;C:\Users\foschini\.m2\repository\org\wildfly\security\elytron-web\undertow-server\1.0.0.Final\undertow-server-1.0.0.Final.jar;C:\Users\foschini\.m2\repository\org\wildfly\core\wildfly-deployment-repository\3.0.0.Final\wildfly-deployment-repository-3.0.0.Final.jar;C:\Users\foschini\.m2\repository\org\wildfly\core\wildfly-platform-mbean\3.0.0.Final\wildfly-platform-mbean-3.0.0.Final.jar;C:\Users\foschini\.m2\repository\org\wildfly\core\wildfly-process-controller\3.0.0.Final\wildfly-process-controller-3.0.0.Final.jar;C:\Users\foschini\.m2\repository\org\wildfly\core\wildfly-network\3.0.0.Final\wildfly-network-3.0.0.Final.jar;C:\Users\foschini\.m2\repository\org\wildfly\core\wildfly-version\3.0.0.Final\wildfly-version-3.0.0.Final.jar;C:\Users\foschini\.m2\repository\org\jboss\jandex\2.0.3.Final\jandex-2.0.3.Final.jar;C:\Users\foschini\.m2\repository\org\jboss\invocation\jboss-invocation\1.5.0.Final\jboss-invocation-1.5.0.Final.jar;C:\Users\foschini\.m2\repository\org\jboss\logmanager\jboss-logmanager\2.0.7.Final\jboss-logmanager-2.0.7.Final.jar;C:\Users\foschini\.m2\repository\org\jboss\modules\jboss-modules\1.6.0.Final\jboss-modules-1.6.0.Final.jar;C:\Users\foschini\.m2\repository\org\jboss\remoting\jboss-remoting\5.0.0.Final\jboss-remoting-5.0.0.Final.jar;C:\Users\foschini\.m2\repository\org\jboss\stdio\jboss-stdio\1.0.2.GA\jboss-stdio-1.0.2.GA.jar;C:\Users\foschini\.m2\repository\org\jboss\jboss-vfs\3.2.12.Final\jboss-vfs-3.2.12.Final.jar;C:\Users\foschini\.m2\repository\io\undertow\undertow-core\1.4.18.Final\undertow-core-1.4.18.Final.jar;C:\Users\foschini\.m2\repository\org\wildfly\core\wildfly-controller-client\3.0.0.Final\wildfly-controller-client-3.0.0.Final.jar;C:\Users\foschini\.m2\repository\org\wildfly\core\wildfly-protocol\3.0.0.Final\wildfly-protocol-3.0.0.Final.jar;C:\Users\foschini\.m2\repository\org\jboss\xnio\xnio-api\3.5.1.Final\xnio-api-3.5.1.Final.jar;C:\Users\foschini\.m2\repository\org\jboss\xnio\xnio-nio\3.5.1.Final\xnio-nio-3.5.1.Final.jar;C:\Users\foschini\.m2\repository\org\jboss\jboss-dmr\1.4.1.Final\jboss-dmr-1.4.1.Final.jar;C:\Users\foschini\.m2\repository\org\jboss\logging\jboss-logging\3.3.1.Final\jboss-logging-3.3.1.Final.jar;C:\Users\foschini\.m2\repository\org\jboss\threads\jboss-threads\2.2.1.Final\jboss-threads-2.2.1.Final.jar;C:\Users\foschini\.m2\repository\org\wildfly\plugins\wildfly-plugin-core\1.2.0.Final\wildfly-plugin-core-1.2.0.Final.jar;C:\Users\foschini\.m2\repository\org\jboss\shrinkwrap\descriptors\shrinkwrap-descriptors-impl-base\2.0.0\shrinkwrap-descriptors-impl-base-2.0.0.jar;C:\Users\foschini\.m2\repository\org\wildfly\common\wildfly-common\1.2.0.Final\wildfly-common-1.2.0.Final.jar;C:\Users\foschini\.m2\repository\org\wildfly\arquillian\wildfly-arquillian-protocol-jmx\2.1.1.Final\wildfly-arquillian-protocol-jmx-2.1.1.Final.jar;C:\Users\foschini\.m2\repository\org\wildfly\security\wildfly-elytron\1.1.0.Final\wildfly-elytron-1.1.0.Final.jar;C:\Users\foschini\.m2\repository\org\jboss\arquillian\protocol\arquillian-protocol-jmx\1.4.1.Final\arquillian-protocol-jmx-1.4.1.Final.jar;C:\Users\foschini\.m2\repository\org\wildfly\core\wildfly-jmx\3.0.0.Final\wildfly-jmx-3.0.0.Final.jar;C:\Users\foschini\.m2\repository\org\jboss\msc\jboss-msc\1.2.7.SP1\jboss-msc-1.2.7.SP1.jar;C:\Users\foschini\.m2\repository\org\jboss\remotingjmx\remoting-jmx\3.0.0.Final\remoting-jmx-3.0.0.Final.jar;C:\Users\foschini\.m2\repository\org\wildfly\client\wildfly-client-config\1.0.0.Final\wildfly-client-config-1.0.0.Final.jar;C:\Users\foschini\.m2\repository\org\wildfly\core\wildfly-remoting\3.0.0.Final\wildfly-remoting-3.0.0.Final.jar;C:\Users\foschini\.m2\repository\org\wildfly\core\wildfly-domain-management\3.0.0.Final\wildfly-domain-management-3.0.0.Final.jar;C:\Users\foschini\.m2\repository\org\picketbox\picketbox\5.0.2.Final\picketbox-5.0.2.Final.jar;C:\Users\foschini\.m2\repository\org\wildfly\openssl\wildfly-openssl-java\1.0.2.Final\wildfly-openssl-java-1.0.2.Final.jar;C:\Users\foschini\.m2\repository\org\wildfly\core\wildfly-core-security\3.0.0.Final\wildfly-core-security-3.0.0.Final.jar;C:\Users\foschini\.m2\repository\org\wildfly\core\wildfly-core-security-api\3.0.0.Final\wildfly-core-security-api-3.0.0.Final.jar;C:\Users\foschini\.m2\repository\org\wildfly\core\wildfly-io\3.0.0.Final\wildfly-io-3.0.0.Final.jar;C:\Users\foschini\.m2\repository\org\jboss\marshalling\jboss-marshalling-river\2.0.0.Final\jboss-marshalling-river-2.0.0.Final.jar;C:\Users\foschini\.m2\repository\org\jboss\marshalling\jboss-marshalling\2.0.0.Final\jboss-marshalling-2.0.0.Final.jar;C:\Users\foschini\.m2\repository\org\jboss\arquillian\core\arquillian-core-api\1.4.1.Final\arquillian-core-api-1.4.1.Final.jar;"/>
    <property name="sun.cpu.endian" value="little"/>
    <property name="user.home" value="C:\Users\foschini"/>
    <property name="user.language" value="en"/>
    <property name="java.specification.vendor" value="Oracle Corporation"/>
    <property name="java.home" value="C:\Program Files\Java\jdk1.8.0_201\jre"/>
    <property name="basedir" value="C:\EE\application\bookstore\bookstore-back"/>
    <property name="file.separator" value="\"/>
    <property name="line.separator" value="&#10;"/>
    <property name="java.vm.specification.vendor" value="Oracle Corporation"/>
    <property name="java.specification.name" value="Java Platform API Specification"/>
    <property name="java.awt.graphicsenv" value="sun.awt.Win32GraphicsEnvironment"/>
    <property name="surefire.real.class.path" value="C:\Users\foschini\AppData\Local\Temp\surefire4792310519390573610\surefirebooter2974678812412658744.jar"/>
    <property name="sun.boot.class.path" value="C:\Program Files\Java\jdk1.8.0_201\jre\lib\resources.jar;C:\Program Files\Java\jdk1.8.0_201\jre\lib\rt.jar;C:\Program Files\Java\jdk1.8.0_201\jre\lib\sunrsasign.jar;C:\Program Files\Java\jdk1.8.0_201\jre\lib\jsse.jar;C:\Program Files\Java\jdk1.8.0_201\jre\lib\jce.jar;C:\Program Files\Java\jdk1.8.0_201\jre\lib\charsets.jar;C:\Program Files\Java\jdk1.8.0_201\jre\lib\jfr.jar;C:\Program Files\Java\jdk1.8.0_201\jre\classes"/>
    <property name="user.script" value=""/>
    <property name="sun.management.compiler" value="HotSpot Client Compiler"/>
    <property name="java.runtime.version" value="1.8.0_201-b09"/>
    <property name="user.name" value="foschini"/>
    <property name="path.separator" value=";"/>
    <property name="os.version" value="6.1"/>
    <property name="java.endorsed.dirs" value="C:\Program Files\Java\jdk1.8.0_201\jre\lib\endorsed"/>
    <property name="java.runtime.name" value="Java(TM) SE Runtime Environment"/>
    <property name="file.encoding" value="Cp1252"/>
    <property name="java.vm.name" value="Java HotSpot(TM) Client VM"/>
    <property name="localRepository" value="C:\Users\foschini\.m2\repository"/>
    <property name="java.vendor.url.bug" value="http://bugreport.sun.com/bugreport/"/>
    <property name="java.io.tmpdir" value="C:\Users\foschini\AppData\Local\Temp\"/>
    <property name="java.version" value="1.8.0_201"/>
    <property name="user.dir" value="C:\EE\application\bookstore\bookstore-back"/>
    <property name="os.arch" value="x86"/>
    <property name="java.vm.specification.name" value="Java Virtual Machine Specification"/>
    <property name="java.awt.printerjob" value="sun.awt.windows.WPrinterJob"/>
    <property name="sun.os.patch.level" value="Service Pack 1"/>
    <property name="java.library.path" value="C:\Program Files\Java\jdk1.8.0_201\jre\bin;C:\WINDOWS\Sun\Java\bin;C:\WINDOWS\system32;C:\WINDOWS;C:/Program Files/Java/jre1.8.0_231/bin/client;C:/Program Files/Java/jre1.8.0_231/bin;C:/Program Files/Java/jre1.8.0_231/lib/i386;C:\Program Files\Common Files\Oracle\Java\javapath;C:\Oracle\ora92\bin;C:\Program Files\Oracle\jre\1.3.1\bin;C:\Program Files\Oracle\jre\1.1.8\bin;C:\ProgramData\Oracle\Java\javapath;C:\WINDOWS\system32;C:\WINDOWS;C:\WINDOWS\System32\Wbem;C:\WINDOWS\System32\WindowsPowerShell\v1.0\;C:\WINDOWS\System32\WindowsPowerShell\v1.0\;C:\Windows\CCM;C:\WINDOWS\System32\WindowsPowerShell\v1.0\;C:\Program Files\Unified Messaging Client;C:\WINDOWS\System32\WindowsPowerShell\v1.0\;C:\Program Files\MySQL\MySQL Utilities 1.6\;C:\Program Files\dotnet\;C:\Program Files\Microsoft SQL Server\Client SDK\ODBC\110\Tools\Binn\;C:\Program Files\Microsoft SQL Server\120\Tools\Binn\ManagementStudio\;C:\Program Files\Microsoft SQL Server\120\Tools\Binn\;C:\Program Files\Microsoft SQL Server\120\DTS\Binn\;C:\Users\foschini\AppData\Local\Programs\Fiddler;C:\EE\eclipse;;."/>
    <property name="java.vm.info" value="mixed mode"/>
    <property name="java.vendor" value="Oracle Corporation"/>
    <property name="java.vm.version" value="25.201-b09"/>
    <property name="java.ext.dirs" value="C:\Program Files\Java\jdk1.8.0_201\jre\lib\ext;C:\WINDOWS\Sun\Java\lib\ext"/>
    <property name="sun.io.unicode.encoding" value="UnicodeLittle"/>
    <property name="java.class.version" value="52.0"/>
  </properties>
  <testcase name="shouldSanitize" classname="co.tfg.bookstore.util.TextUtilTest" time="0"/>
</testsuite>